/*C8*/SET SCHEMA PUBLIC
create table Categoria (id INTEGER GENERATED BY DEFAULT AS IDENTITY PRIMARY KEY,nome varchar(255))
alter table Produto add column categoria_id integer
DISCONNECT
/*C11*/SET SCHEMA PUBLIC
INSERT INTO PRODUTO VALUES(63,'TesteInsertNome','TesteInsertDescricao',NULL)
COMMIT
SET SCHEMA PUBLIC
DISCONNECT
/*C10*/SET SCHEMA PUBLIC
DISCONNECT
/*C9*/SET SCHEMA PUBLIC
DISCONNECT
/*C12*/SET SCHEMA PUBLIC
DISCONNECT
/*C13*/SET SCHEMA PUBLIC
DISCONNECT
/*C14*/SET SCHEMA PUBLIC
INSERT INTO CATEGORIA VALUES(0,'Eletrodom\u00e9stico')
COMMIT
INSERT INTO CATEGORIA VALUES(1,'Eletr\u00f4nico')
COMMIT
INSERT INTO CATEGORIA VALUES(2,'M\u00f3vel')
COMMIT
INSERT INTO CATEGORIA VALUES(3,'TesteNome')
COMMIT
INSERT INTO CATEGORIA VALUES(4,'TesteNome')
COMMIT
DELETE FROM CATEGORIA WHERE ID=3
DELETE FROM CATEGORIA WHERE ID=4
COMMIT
DELETE FROM PRODUTO WHERE ID=1
DELETE FROM PRODUTO WHERE ID=2
INSERT INTO PRODUTO VALUES(1,'Celular','Iphone6',0)
INSERT INTO PRODUTO VALUES(2,'Celular','Moto X II',0)
COMMIT
DELETE FROM PRODUTO WHERE ID=1
DELETE FROM PRODUTO WHERE ID=2
INSERT INTO PRODUTO VALUES(1,'Celular','Iphone6',0)
INSERT INTO PRODUTO VALUES(2,'Celular','Moto X II',0)
COMMIT
DELETE FROM PRODUTO WHERE ID=62
DELETE FROM PRODUTO WHERE ID=63
INSERT INTO PRODUTO VALUES(62,'TesteInsertNome','TesteInsertDescricao',2)
INSERT INTO PRODUTO VALUES(63,'TesteInsertNome','TesteInsertDescricao',2)
COMMIT
DELETE FROM PRODUTO WHERE ID=62
INSERT INTO PRODUTO VALUES(62,'Mesa','TesteInsertDescricao',2)
COMMIT
/*C15*/SET SCHEMA PUBLIC
DISCONNECT
/*C16*/SET SCHEMA PUBLIC
DISCONNECT
/*C17*/SET SCHEMA PUBLIC
DISCONNECT
/*C19*/SET SCHEMA PUBLIC
INSERT INTO PRODUTO VALUES(64,'TesteInsertNome','TesteInsertDescricao',NULL)
COMMIT
SET SCHEMA PUBLIC
DISCONNECT
/*C18*/SET SCHEMA PUBLIC
DISCONNECT
/*C20*/SET SCHEMA PUBLIC
DISCONNECT
/*C21*/SET SCHEMA PUBLIC
DISCONNECT
/*C22*/SET SCHEMA PUBLIC
DISCONNECT
/*C14*/DELETE FROM PRODUTO WHERE ID=64
INSERT INTO PRODUTO VALUES(64,'TesteInsertNome','TesteInsertDescricao',2)
COMMIT
/*C23*/SET SCHEMA PUBLIC
DISCONNECT
/*C24*/SET SCHEMA PUBLIC
DISCONNECT
/*C25*/SET SCHEMA PUBLIC
DISCONNECT
/*C26*/SET SCHEMA PUBLIC
DISCONNECT
/*C27*/SET SCHEMA PUBLIC
DISCONNECT
/*C28*/SET SCHEMA PUBLIC
DISCONNECT
/*C29*/SET SCHEMA PUBLIC
DISCONNECT
/*C30*/SET SCHEMA PUBLIC
DISCONNECT
/*C31*/SET SCHEMA PUBLIC
DISCONNECT
/*C32*/SET SCHEMA PUBLIC
DISCONNECT
/*C33*/SET SCHEMA PUBLIC
DISCONNECT
/*C14*/DISCONNECT
/*C35*/SET SCHEMA PUBLIC
DISCONNECT
/*C36*/SET SCHEMA PUBLIC
DISCONNECT
/*C37*/SET SCHEMA PUBLIC
DISCONNECT
/*C38*/SET SCHEMA PUBLIC
DISCONNECT
/*C39*/SET SCHEMA PUBLIC
DISCONNECT
/*C40*/SET SCHEMA PUBLIC
DISCONNECT
/*C41*/SET SCHEMA PUBLIC
DISCONNECT
/*C42*/SET SCHEMA PUBLIC
DISCONNECT
/*C43*/SET SCHEMA PUBLIC
DISCONNECT
/*C44*/SET SCHEMA PUBLIC
DISCONNECT
/*C45*/SET SCHEMA PUBLIC
DISCONNECT
/*C34*/SET SCHEMA PUBLIC
DELETE FROM PRODUTO WHERE ID=2
INSERT INTO PRODUTO VALUES(2,'Notebook','Moto X II',0)
COMMIT
DELETE FROM PRODUTO WHERE ID=63
INSERT INTO PRODUTO VALUES(63,'Cadeira','TesteInsertDescricao',2)
COMMIT
DELETE FROM PRODUTO WHERE ID=64
INSERT INTO PRODUTO VALUES(64,'Sofa','TesteInsertDescricao',2)
COMMIT
/*C46*/SET SCHEMA PUBLIC
DISCONNECT
/*C47*/SET SCHEMA PUBLIC
DISCONNECT
/*C48*/SET SCHEMA PUBLIC
DISCONNECT
/*C49*/SET SCHEMA PUBLIC
DISCONNECT
/*C50*/SET SCHEMA PUBLIC
DISCONNECT
/*C34*/DELETE FROM PRODUTO WHERE ID=64
INSERT INTO PRODUTO VALUES(64,'Sofa','TesteInsertDescricao',0)
COMMIT
DISCONNECT
/*C52*/SET SCHEMA PUBLIC
DISCONNECT
/*C53*/SET SCHEMA PUBLIC
DISCONNECT
/*C54*/SET SCHEMA PUBLIC
DISCONNECT
/*C56*/SET SCHEMA PUBLIC
INSERT INTO PRODUTO VALUES(65,'TesteInsertNome','TesteInsertDescricao',NULL)
COMMIT
/*C55*/SET SCHEMA PUBLIC
DISCONNECT
/*C56*/SET SCHEMA PUBLIC
DISCONNECT
/*C57*/SET SCHEMA PUBLIC
DISCONNECT
/*C59*/SET SCHEMA PUBLIC
INSERT INTO PRODUTO VALUES(66,'TesteInsertNome','TesteInsertDescricao',NULL)
COMMIT
/*C58*/SET SCHEMA PUBLIC
DISCONNECT
/*C59*/SET SCHEMA PUBLIC
DISCONNECT
/*C60*/SET SCHEMA PUBLIC
DISCONNECT
/*C61*/SET SCHEMA PUBLIC
DISCONNECT
/*C63*/SET SCHEMA PUBLIC
INSERT INTO PRODUTO VALUES(67,'Notebook','Intel I7',NULL)
COMMIT
SET SCHEMA PUBLIC
DISCONNECT
/*C62*/SET SCHEMA PUBLIC
DISCONNECT
/*C65*/SET SCHEMA PUBLIC
INSERT INTO PRODUTO VALUES(68,'Notebook','Intel I7',NULL)
COMMIT
/*C64*/SET SCHEMA PUBLIC
DISCONNECT
/*C65*/SET SCHEMA PUBLIC
DISCONNECT
/*C66*/SET SCHEMA PUBLIC
DISCONNECT
/*C67*/SET SCHEMA PUBLIC
DISCONNECT
/*C68*/SET SCHEMA PUBLIC
DISCONNECT
/*C69*/SET SCHEMA PUBLIC
DISCONNECT
/*C70*/SET SCHEMA PUBLIC
DISCONNECT
/*C71*/SET SCHEMA PUBLIC
DISCONNECT
/*C72*/SET SCHEMA PUBLIC
DISCONNECT
/*C73*/SET SCHEMA PUBLIC
DELETE FROM PRODUTO WHERE ID=66
DELETE FROM PRODUTO WHERE ID=67
DELETE FROM PRODUTO WHERE ID=68
COMMIT
SET SCHEMA PUBLIC
DISCONNECT
/*C74*/SET SCHEMA PUBLIC
DISCONNECT
/*C76*/SET SCHEMA PUBLIC
INSERT INTO PRODUTO VALUES(69,'Notebook','Intel I7',NULL)
COMMIT
SET SCHEMA PUBLIC
DISCONNECT
/*C75*/SET SCHEMA PUBLIC
DISCONNECT
/*C78*/SET SCHEMA PUBLIC
INSERT INTO PRODUTO VALUES(70,'Notebook','Intel I7',NULL)
COMMIT
SET SCHEMA PUBLIC
DISCONNECT
/*C77*/SET SCHEMA PUBLIC
DISCONNECT
/*C80*/SET SCHEMA PUBLIC
INSERT INTO PRODUTO VALUES(71,'Notebook','Intel I7',NULL)
COMMIT
SET SCHEMA PUBLIC
DISCONNECT
/*C79*/SET SCHEMA PUBLIC
DISCONNECT
/*C81*/SET SCHEMA PUBLIC
DELETE FROM PRODUTO WHERE ID=69
DELETE FROM PRODUTO WHERE ID=70
DELETE FROM PRODUTO WHERE ID=71
COMMIT
SET SCHEMA PUBLIC
DISCONNECT
/*C82*/SET SCHEMA PUBLIC
DISCONNECT
/*C83*/SET SCHEMA PUBLIC
DISCONNECT
/*C85*/SET SCHEMA PUBLIC
INSERT INTO PRODUTO VALUES(72,'Notebook','Intel I7',NULL)
COMMIT
SET SCHEMA PUBLIC
DISCONNECT
/*C84*/SET SCHEMA PUBLIC
DISCONNECT
/*C87*/SET SCHEMA PUBLIC
INSERT INTO PRODUTO VALUES(73,'Notebook','Intel I7',NULL)
COMMIT
SET SCHEMA PUBLIC
DISCONNECT
/*C86*/SET SCHEMA PUBLIC
DISCONNECT
/*C89*/SET SCHEMA PUBLIC
INSERT INTO PRODUTO VALUES(74,'Notebook','Intel I7',NULL)
COMMIT
/*C88*/SET SCHEMA PUBLIC
DISCONNECT
/*C89*/SET SCHEMA PUBLIC
DISCONNECT
/*C91*/SET SCHEMA PUBLIC
INSERT INTO PRODUTO VALUES(75,'Notebook','Intel I7',NULL)
COMMIT
SET SCHEMA PUBLIC
DISCONNECT
/*C90*/SET SCHEMA PUBLIC
DISCONNECT
/*C92*/SET SCHEMA PUBLIC
DELETE FROM PRODUTO WHERE ID=72
DELETE FROM PRODUTO WHERE ID=73
DELETE FROM PRODUTO WHERE ID=74
DELETE FROM PRODUTO WHERE ID=75
COMMIT
SET SCHEMA PUBLIC
DISCONNECT
/*C93*/SET SCHEMA PUBLIC
DELETE FROM PRODUTO WHERE ID=65
COMMIT
SET SCHEMA PUBLIC
DISCONNECT
/*C94*/SET SCHEMA PUBLIC
DISCONNECT
